TN:test
SF:/home/alex/21-school/21-school-my/C5_s21_decimal/src/s21_decimal.c
FN:3,s21_set0bitstype
FNDA:30702,s21_set0bitstype
FN:8,s21_get_bit
FNDA:29283912,s21_get_bit
FN:12,s21_set_bit
FNDA:3805994,s21_set_bit
FN:21,s21_setsign
FNDA:35167,s21_setsign
FN:29,s21_getsign
FNDA:363969,s21_getsign
FN:33,s21_get_scale
FNDA:1153272,s21_get_scale
FN:35,s21_set_scale
FNDA:2282,s21_set_scale
FN:42,s21_shift_left
FNDA:80982,s21_shift_left
FN:59,s21_last_bit
FNDA:82938,s21_last_bit
FN:66,to_addcode
FNDA:11303,to_addcode
FN:84,s21_level_scale
FNDA:600,s21_level_scale
FN:121,s21_add_bits
FNDA:38725,s21_add_bits
FN:174,s21_check_boundary
FNDA:11850,s21_check_boundary
FN:189,s21_add
FNDA:11850,s21_add
FN:267,s21_sub
FNDA:12267,s21_sub
FN:339,s21_are_inf_new
FNDA:162333,s21_are_inf_new
FN:354,s21_check_inf
FNDA:939680,s21_check_inf
FN:361,s21_set_inf
FNDA:124,s21_set_inf
FN:384,s21_are_neg
FNDA:44600,s21_are_neg
FN:396,s21_check_scale
FNDA:78855,s21_check_scale
FN:402,s21_are_zero
FNDA:78955,s21_are_zero
FN:406,s21_is_greater
FNDA:44645,s21_is_greater
FN:448,s21_is_less
FNDA:11865,s21_is_less
FN:452,s21_is_less_or_equal
FNDA:14,s21_is_less_or_equal
FN:462,s21_is_equal
FNDA:34327,s21_is_equal
FN:501,s21_is_not_equal
FNDA:5,s21_is_not_equal
FN:503,s21_is_greater_or_equal
FNDA:32680,s21_is_greater_or_equal
FN:507,s21_copy_bits
FNDA:1087,s21_copy_bits
FN:513,s21_print
FNDA:0,s21_print
FN:520,s21_from_int_to_decimal
FNDA:60,s21_from_int_to_decimal
FN:536,s21_from_decimal_to_int
FNDA:32,s21_from_decimal_to_int
FN:552,getFloatExp
FNDA:303,getFloatExp
FN:558,s21_from_float_to_decimal
FNDA:184,s21_from_float_to_decimal
FN:598,s21_from_decimal_to_float
FNDA:95,s21_from_decimal_to_float
FN:623,s21_div_bits
FNDA:996,s21_div_bits
FN:643,check_for_mul
FNDA:974,check_for_mul
FN:713,s21_mul
FNDA:974,s21_mul
FN:795,s21_div
FNDA:38,s21_div
FN:916,s21_mod
FNDA:20,s21_mod
FN:955,s21_truncate
FNDA:75,s21_truncate
FN:974,s21_round
FNDA:16,s21_round
FN:996,s21_floor
FNDA:17,s21_floor
FN:1018,s21_negate
FNDA:18,s21_negate
FN:1040,s21_set0bits
FNDA:42979,s21_set0bits
DA:3,30702
DA:4,30702
DA:6,30702
DA:8,29283912
DA:9,29283912
DA:12,3805994
DA:13,3805994
DA:14,3805994
DA:15,1403333
DA:17,2402661
DA:19,3805994
DA:21,35167
DA:22,35167
DA:23,190
DA:25,34977
DA:27,35167
DA:29,363969
DA:30,363969
DA:33,1153272
DA:35,2282
DA:36,2282
DA:37,2282
DA:38,2282
DA:40,2282
DA:42,80982
DA:43,80982
DA:45,9
DA:47,532668
DA:48,451695
DA:49,451695
DA:50,451695
DA:51,451695
DA:52,451695
DA:53,451695
DA:54,451695
DA:57,80982
DA:59,82938
DA:60,82938
DA:61,7033717
DA:63,82938
DA:66,11303
DA:68,11303
DA:70,11303
DA:71,11303
DA:72,11303
DA:74,11303
DA:76,11303
DA:77,11303
DA:78,11303
DA:81,11303
DA:82,11303
DA:84,600
DA:85,600
DA:87,600
DA:88,548
DA:89,548
DA:92,1670
DA:94,1070
DA:96,1062
DA:98,1062
DA:99,1062
DA:100,1062
DA:103,1062
DA:104,1054
DA:105,1054
DA:108,8
DA:109,8
DA:111,8
DA:112,8
DA:114,0
DA:116,8
DA:119,600
DA:121,38725
DA:122,38725
DA:124,38725
DA:126,5
DA:128,38720
DA:129,3755840
DA:130,3717120
DA:131,3717120
DA:133,3717120
DA:134,1327057
DA:135,26901
DA:136,26901
DA:138,1300156
DA:140,2390063
DA:141,2343590
DA:142,1052468
DA:143,1052468
DA:145,1291122
DA:148,46473
DA:149,8267
DA:150,8267
DA:152,38206
DA:153,38206
DA:163,3717120
DA:164,9
DA:171,38725
DA:174,11850
DA:175,11850
DA:185,11850
DA:186,11850
DA:189,11850
DA:190,11850
DA:191,11850
DA:195,11850
DA:196,23677
DA:197,11831
DA:199,11831
DA:202,11831
DA:204,0
DA:206,11831
DA:208,0
DA:209,0
DA:210,0
DA:211,0
DA:212,0
DA:214,0
DA:215,0
DA:216,0
DA:217,0
DA:219,0
DA:220,0
DA:221,0
DA:222,0
DA:226,11831
DA:227,11831
DA:228,11831
DA:229,11831
DA:231,15
DA:232,7
DA:233,7
DA:234,8
DA:235,1
DA:236,1
DA:238,7
DA:239,7
DA:240,7
DA:241,7
DA:243,7
DA:244,0
DA:245,0
DA:255,11850
DA:256,4
DA:258,4
DA:259,1
DA:260,1
DA:264,11850
DA:267,12267
DA:268,12267
DA:269,12267
DA:272,12267
DA:274,12267
DA:275,12263
DA:278,12263
DA:279,4
DA:280,4
DA:281,4
DA:282,4
DA:283,4
DA:285,12259
DA:286,11303
DA:287,11303
DA:288,11303
DA:289,11303
DA:292,11303
DA:293,15
DA:294,15
DA:295,15
DA:297,11288
DA:298,11288
DA:299,11288
DA:302,11303
DA:303,11303
DA:304,11303
DA:310,12267
DA:311,6
DA:313,6
DA:314,1
DA:315,1
DA:318,12267
DA:339,162333
DA:340,162333
DA:341,162333
DA:342,50
DA:344,162333
DA:345,39
DA:347,162333
DA:348,28
DA:350,162333
DA:354,939680
DA:355,939680
DA:356,939680
DA:357,602
DA:358,939680
DA:361,124
DA:362,124
DA:363,124
DA:364,124
DA:365,124
DA:366,124
DA:384,44600
DA:385,44600
DA:386,44600
DA:387,44600
DA:389,44600
DA:390,44600
DA:392,44600
DA:396,78855
DA:397,78855
DA:398,565
DA:400,78855
DA:402,78955
DA:403,78955
DA:406,44645
DA:407,44645
DA:412,44645
DA:414,44645
DA:418,44631
DA:419,44631
DA:420,44631
DA:423,44631
DA:424,44631
DA:425,82
DA:426,82
DA:430,44645
DA:433,44600
DA:434,44600
DA:435,44600
DA:437,44600
DA:440,3928879
DA:441,3884234
DA:442,3884234
DA:444,44645
DA:445,44645
DA:448,11865
DA:449,11865
DA:452,14
DA:457,14
DA:459,14
DA:462,34327
DA:463,34327
DA:467,34327
DA:469,34327
DA:470,34302
DA:478,34302
DA:479,34302
DA:480,34302
DA:489,34327
DA:493,34255
DA:496,3009154
DA:497,2974827
DA:498,34327
DA:501,5
DA:503,32680
DA:504,32680
DA:507,1087
DA:508,1087
DA:509,1087
DA:510,1087
DA:511,1087
DA:513,0
DA:514,0
DA:515,0
DA:517,0
DA:518,0
DA:520,60
DA:521,60
DA:522,60
DA:523,60
DA:524,60
DA:525,14
DA:526,14
DA:528,60
DA:531,0
DA:533,60
DA:536,32
DA:537,32
DA:538,32
DA:539,32
DA:540,32
DA:541,32
DA:542,30
DA:543,30
DA:545,30
DA:546,30
DA:547,30
DA:549,32
DA:552,303
DA:554,303
DA:555,303
DA:558,184
DA:559,184
DA:560,184
DA:561,184
DA:563,184
DA:565,163
DA:566,16
DA:567,16
DA:574,184
DA:575,131
DA:576,131
DA:577,847
DA:579,131
DA:580,131
DA:582,119
DA:583,523
DA:585,119
DA:586,119
DA:587,119
DA:588,2856
DA:589,2737
DA:590,119
DA:591,119
DA:594,184
DA:598,95
DA:599,95
DA:602,95
DA:603,71
DA:604,71
DA:605,6887
DA:606,6816
DA:607,71
DA:608,435
DA:610,71
DA:611,71
DA:612,71
DA:615,95
DA:617,95
DA:619,95
DA:623,996
DA:624,996
DA:625,996
DA:626,33650
DA:627,32654
DA:628,32654
DA:629,12209
DA:630,12209
DA:631,12209
DA:632,12209
DA:633,12209
DA:635,20445
DA:636,20445
DA:637,20445
DA:640,996
DA:643,974
DA:644,974
DA:687,974
DA:688,14
DA:689,14
DA:710,974
DA:713,974
DA:714,974
DA:715,974
DA:718,974
DA:721,960
DA:722,7
DA:724,953
DA:726,960
DA:727,960
DA:730,30363
DA:731,29403
DA:732,29403
DA:734,29403
DA:735,14529
DA:736,14529
DA:737,14529
DA:746,960
DA:750,0
DA:751,0
DA:752,0
DA:753,0
DA:754,0
DA:755,0
DA:760,0
DA:761,0
DA:763,0
DA:766,0
DA:767,0
DA:768,0
DA:770,0
DA:773,0
DA:774,0
DA:775,0
DA:777,960
DA:778,960
DA:780,960
DA:788,974
DA:789,14
DA:790,14
DA:792,974
DA:795,38
DA:796,38
DA:797,38
DA:799,38
DA:802,38
DA:806,38
DA:808,38
DA:814,38
DA:817,1
DA:818,1
DA:819,37
DA:822,4
DA:823,33
DA:832,63
DA:833,32
DA:837,3
DA:838,60
DA:839,32
DA:843,0
DA:844,0
DA:845,30
DA:847,5
DA:848,5
DA:852,38
DA:853,25
DA:854,25
DA:859,25
DA:860,25
DA:861,25
DA:862,25
DA:865,25
DA:866,25
DA:869,25
DA:870,25
DA:872,25
DA:873,25
DA:878,494
DA:879,477
DA:880,8
DA:882,469
DA:883,469
DA:884,469
DA:885,469
DA:886,469
DA:891,25
DA:892,25
DA:893,0
DA:894,0
DA:896,25
DA:897,0
DA:898,0
DA:901,25
DA:902,25
DA:908,38
DA:909,8
DA:910,8
DA:912,38
DA:913,38
DA:916,20
DA:917,20
DA:918,20
DA:920,20
DA:921,20
DA:924,20
DA:925,4
DA:927,16
DA:929,16
DA:931,16
DA:942,20
DA:946,2
DA:947,2
DA:952,20
DA:955,75
DA:956,75
DA:957,75
DA:959,75
DA:960,75
DA:961,466
DA:962,396
DA:963,396
DA:967,5
DA:968,5
DA:970,75
DA:971,75
DA:974,16
DA:975,16
DA:976,16
DA:978,16
DA:979,16
DA:980,16
DA:981,16
DA:983,16
DA:984,14
DA:985,14
DA:989,2
DA:990,2
DA:992,16
DA:993,16
DA:996,17
DA:997,17
DA:999,17
DA:1001,17
DA:1002,2
DA:1004,113
DA:1005,15
DA:1007,15
DA:1008,15
DA:1009,7
DA:1010,7
DA:1013,17
DA:1015,17
DA:1018,18
DA:1019,18
DA:1020,18
DA:1022,18
DA:1023,18
DA:1026,2
DA:1028,16
DA:1029,0
DA:1030,0
DA:1037,18
DA:1040,42979
end_of_record
TN:test
SF:/home/alex/21-school/21-school-my/C5_s21_decimal/src/test.c
FN:6,less_fn
FNDA:1,less_fn
FN:46,greater_fn
FNDA:1,greater_fn
FN:89,less_or_equal_fn
FNDA:1,less_or_equal_fn
FN:158,greater_or_equal_fn
FNDA:1,greater_or_equal_fn
FN:232,equal_fn
FNDA:1,equal_fn
FN:293,not_equal_fn
FNDA:1,not_equal_fn
FN:328,int_to_decimal_fn
FNDA:1,int_to_decimal_fn
FN:363,decimal_to_int1_fn
FNDA:1,decimal_to_int1_fn
FN:376,decimal_to_int2_fn
FNDA:1,decimal_to_int2_fn
FN:389,decimal_to_int3_fn
FNDA:1,decimal_to_int3_fn
FN:403,decimal_to_int4_fn
FNDA:1,decimal_to_int4_fn
FN:416,decimal_to_int5_fn
FNDA:1,decimal_to_int5_fn
FN:439,decimal_to_int6_fn
FNDA:1,decimal_to_int6_fn
FN:460,from_float_to_decimal1_fn
FNDA:1,from_float_to_decimal1_fn
FN:476,from_float_to_decimal2_fn
FNDA:1,from_float_to_decimal2_fn
FN:485,from_float_to_decimal3_fn
FNDA:1,from_float_to_decimal3_fn
FN:494,from_float_to_decimal4_fn
FNDA:1,from_float_to_decimal4_fn
FN:503,from_float_to_decimal5_fn
FNDA:1,from_float_to_decimal5_fn
FN:512,from_float_to_decimal6_fn
FNDA:1,from_float_to_decimal6_fn
FN:553,from_float_to_decimal7_fn
FNDA:1,from_float_to_decimal7_fn
FN:564,from_float_to_decimal8_fn
FNDA:1,from_float_to_decimal8_fn
FN:577,from_float_to_decimal9_fn
FNDA:1,from_float_to_decimal9_fn
FN:589,decimal_to_float1_fn
FNDA:1,decimal_to_float1_fn
FN:603,decimal_to_float2_fn
FNDA:1,decimal_to_float2_fn
FN:617,decimal_to_float3_fn
FNDA:1,decimal_to_float3_fn
FN:631,decimal_to_float4_fn
FNDA:1,decimal_to_float4_fn
FN:645,decimal_to_float5_fn
FNDA:1,decimal_to_float5_fn
FN:696,add1_fn
FNDA:1,add1_fn
FN:711,add2_fn
FNDA:1,add2_fn
FN:745,add4_fn
FNDA:1,add4_fn
FN:760,add5_fn
FNDA:1,add5_fn
FN:775,add6_fn
FNDA:1,add6_fn
FN:795,add7_fn
FNDA:1,add7_fn
FN:810,add8_fn
FNDA:1,add8_fn
FN:825,add9_fn
FNDA:1,add9_fn
FN:840,add10_fn
FNDA:1,add10_fn
FN:855,add11_fn
FNDA:1,add11_fn
FN:870,add12_fn
FNDA:1,add12_fn
FN:890,add13_fn
FNDA:1,add13_fn
FN:905,add14_fn
FNDA:1,add14_fn
FN:920,add15_fn
FNDA:1,add15_fn
FN:935,add16_fn
FNDA:1,add16_fn
FN:965,add17_fn
FNDA:1,add17_fn
FN:990,add18_fn
FNDA:1,add18_fn
FN:1015,add19_fn
FNDA:1,add19_fn
FN:1040,add20_fn
FNDA:1,add20_fn
FN:1065,add21_fn
FNDA:1,add21_fn
FN:1091,sub1_fn
FNDA:1,sub1_fn
FN:1106,sub2_fn
FNDA:1,sub2_fn
FN:1121,sub3_fn
FNDA:1,sub3_fn
FN:1136,sub4_fn
FNDA:1,sub4_fn
FN:1151,sub5_fn
FNDA:1,sub5_fn
FN:1166,sub6_fn
FNDA:1,sub6_fn
FN:1181,sub7_fn
FNDA:1,sub7_fn
FN:1233,sub8_fn
FNDA:1,sub8_fn
FN:1259,sub9_fn
FNDA:1,sub9_fn
FN:1284,sub10_fn
FNDA:1,sub10_fn
FN:1309,sub11_fn
FNDA:1,sub11_fn
FN:1334,sub12_fn
FNDA:1,sub12_fn
FN:1359,sub13_fn
FNDA:1,sub13_fn
FN:1384,sub14_fn
FNDA:1,sub14_fn
FN:1409,sub15_fn
FNDA:1,sub15_fn
FN:1434,sub16_fn
FNDA:1,sub16_fn
FN:1461,mul1_fn
FNDA:1,mul1_fn
FN:1476,mul1_1_fn
FNDA:1,mul1_1_fn
FN:1491,mul2_fn
FNDA:1,mul2_fn
FN:1506,mul3_fn
FNDA:1,mul3_fn
FN:1521,mul4_fn
FNDA:1,mul4_fn
FN:1541,mul41_fn
FNDA:1,mul41_fn
FN:1557,mul5_fn
FNDA:1,mul5_fn
FN:1572,mul6_fn
FNDA:1,mul6_fn
FN:1595,mul7_fn
FNDA:1,mul7_fn
FN:1614,mul8_fn
FNDA:1,mul8_fn
FN:1633,mul9_fn
FNDA:1,mul9_fn
FN:1652,mul10_fn
FNDA:1,mul10_fn
FN:1672,mul11_fn
FNDA:1,mul11_fn
FN:1692,mul12_fn
FNDA:1,mul12_fn
FN:1711,mul13_fn
FNDA:1,mul13_fn
FN:1730,mul14_fn
FNDA:1,mul14_fn
FN:1750,mul15_fn
FNDA:1,mul15_fn
FN:1769,mul16_fn
FNDA:1,mul16_fn
FN:1788,mul17_fn
FNDA:1,mul17_fn
FN:1807,mul18_fn
FNDA:1,mul18_fn
FN:1828,mod1_fn
FNDA:1,mod1_fn
FN:1857,mod2_fn
FNDA:1,mod2_fn
FN:1871,mod3_fn
FNDA:1,mod3_fn
FN:1886,mod4_fn
FNDA:1,mod4_fn
FN:1900,mod41_fn
FNDA:1,mod41_fn
FN:1914,mod5_fn
FNDA:1,mod5_fn
FN:1928,mod6_fn
FNDA:1,mod6_fn
FN:1942,mod7_fn
FNDA:1,mod7_fn
FN:1957,mod8_fn
FNDA:1,mod8_fn
FN:2007,mod9_fn
FNDA:1,mod9_fn
FN:2079,div1_fn
FNDA:1,div1_fn
FN:2093,div2_fn
FNDA:1,div2_fn
FN:2108,div3_fn
FNDA:1,div3_fn
FN:2123,div4_fn
FNDA:1,div4_fn
FN:2138,div5_fn
FNDA:1,div5_fn
FN:2153,div6_fn
FNDA:1,div6_fn
FN:2168,div7_fn
FNDA:1,div7_fn
FN:2183,div8_fn
FNDA:1,div8_fn
FN:2198,div9_fn
FNDA:1,div9_fn
FN:2213,div10_fn
FNDA:1,div10_fn
FN:2230,div11_fn
FNDA:1,div11_fn
FN:2263,div13_fn
FNDA:1,div13_fn
FN:2302,div15_fn
FNDA:1,div15_fn
FN:2328,div16_fn
FNDA:1,div16_fn
FN:2359,div17_fn
FNDA:1,div17_fn
FN:2393,div19_fn
FNDA:1,div19_fn
FN:2416,truncate1_fn
FNDA:1,truncate1_fn
FN:2434,truncate2_fn
FNDA:1,truncate2_fn
FN:2452,truncate3_fn
FNDA:1,truncate3_fn
FN:2470,truncate4_fn
FNDA:1,truncate4_fn
FN:2488,truncate5_fn
FNDA:1,truncate5_fn
FN:2506,truncate6_fn
FNDA:1,truncate6_fn
FN:2524,truncate7_fn
FNDA:1,truncate7_fn
FN:2542,truncate8_fn
FNDA:1,truncate8_fn
FN:2557,truncate9_fn
FNDA:1,truncate9_fn
FN:2564,truncate10_fn
FNDA:1,truncate10_fn
FN:2573,truncate11_fn
FNDA:1,truncate11_fn
FN:2591,truncate13_fn
FNDA:1,truncate13_fn
FN:2602,truncate14_fn
FNDA:1,truncate14_fn
FN:2615,round1_fn
FNDA:1,round1_fn
FN:2633,round2_fn
FNDA:1,round2_fn
FN:2651,round3_fn
FNDA:1,round3_fn
FN:2669,round4_fn
FNDA:1,round4_fn
FN:2687,round5_fn
FNDA:1,round5_fn
FN:2705,round6_fn
FNDA:1,round6_fn
FN:2723,round7_fn
FNDA:1,round7_fn
FN:2741,round8_fn
FNDA:1,round8_fn
FN:2801,floor1_fn
FNDA:1,floor1_fn
FN:2819,floor2_fn
FNDA:1,floor2_fn
FN:2837,floor3_fn
FNDA:1,floor3_fn
FN:2855,floor4_fn
FNDA:1,floor4_fn
FN:2873,floor5_fn
FNDA:1,floor5_fn
FN:2891,floor6_fn
FNDA:1,floor6_fn
FN:2909,floor7_fn
FNDA:1,floor7_fn
FN:2927,floor8_fn
FNDA:1,floor8_fn
FN:3015,negate1_fn
FNDA:1,negate1_fn
FN:3024,negate2_fn
FNDA:1,negate2_fn
FN:3033,negate3_fn
FNDA:1,negate3_fn
FN:3047,negate4_fn
FNDA:1,negate4_fn
FN:3056,negate5_fn
FNDA:1,negate5_fn
FN:3068,negate6_fn
FNDA:1,negate6_fn
FN:3099,main
FNDA:145,main
DA:6,1
DA:9,1
DA:10,1
DA:11,1
DA:12,1
DA:14,1
DA:15,1
DA:16,1
DA:17,1
DA:19,1
DA:20,1
DA:21,1
DA:23,1
DA:24,1
DA:25,1
DA:28,1
DA:30,1
DA:31,1
DA:34,1
DA:35,1
DA:37,1
DA:38,1
DA:43,1
DA:46,1
DA:49,1
DA:50,1
DA:51,1
DA:52,1
DA:54,1
DA:55,1
DA:56,1
DA:57,1
DA:59,1
DA:60,1
DA:61,1
DA:63,1
DA:64,1
DA:65,1
DA:68,1
DA:71,1
DA:72,1
DA:75,1
DA:76,1
DA:79,1
DA:80,1
DA:86,1
DA:89,1
DA:92,1
DA:93,1
DA:94,1
DA:95,1
DA:97,1
DA:98,1
DA:99,1
DA:101,1
DA:104,1
DA:105,1
DA:107,1
DA:110,1
DA:111,1
DA:112,1
DA:115,1
DA:117,1
DA:119,1
DA:123,1
DA:124,1
DA:125,1
DA:129,1
DA:130,1
DA:132,1
DA:133,1
DA:138,1
DA:139,1
DA:140,1
DA:141,1
DA:142,1
DA:151,1
DA:152,1
DA:153,1
DA:155,1
DA:158,1
DA:161,1
DA:162,1
DA:163,1
DA:165,1
DA:168,1
DA:169,1
DA:170,1
DA:172,1
DA:175,1
DA:176,1
DA:178,1
DA:181,1
DA:182,1
DA:183,1
DA:185,1
DA:188,1
DA:190,1
DA:195,1
DA:196,1
DA:197,1
DA:201,1
DA:202,1
DA:204,1
DA:205,1
DA:211,1
DA:216,1
DA:217,1
DA:218,1
DA:219,1
DA:220,1
DA:229,1
DA:232,1
DA:235,1
DA:236,1
DA:237,1
DA:239,1
DA:240,1
DA:243,1
DA:244,1
DA:245,1
DA:246,1
DA:247,1
DA:249,1
DA:250,1
DA:251,1
DA:253,1
DA:254,1
DA:255,1
DA:259,1
DA:260,1
DA:261,1
DA:266,1
DA:267,1
DA:268,1
DA:269,1
DA:274,1
DA:275,1
DA:276,1
DA:277,1
DA:278,1
DA:290,1
DA:293,1
DA:296,1
DA:297,1
DA:298,1
DA:300,1
DA:301,1
DA:302,1
DA:306,1
DA:307,1
DA:308,1
DA:309,1
DA:310,1
DA:314,1
DA:315,1
DA:316,1
DA:322,1
DA:323,1
DA:324,1
DA:325,1
DA:328,1
DA:331,1
DA:332,1
DA:333,1
DA:334,1
DA:335,1
DA:337,1
DA:338,1
DA:339,1
DA:340,1
DA:341,1
DA:343,1
DA:344,1
DA:345,1
DA:346,1
DA:347,1
DA:349,1
DA:350,1
DA:351,1
DA:352,1
DA:353,1
DA:355,1
DA:356,1
DA:357,1
DA:358,1
DA:359,1
DA:360,1
DA:363,1
DA:365,1
DA:367,1
DA:368,1
DA:369,1
DA:370,1
DA:371,1
DA:372,1
DA:373,1
DA:374,1
DA:376,1
DA:378,1
DA:380,1
DA:381,1
DA:382,1
DA:383,1
DA:384,1
DA:385,1
DA:386,1
DA:387,1
DA:389,1
DA:391,1
DA:393,1
DA:394,1
DA:395,1
DA:396,1
DA:397,1
DA:398,1
DA:399,1
DA:400,1
DA:401,1
DA:403,1
DA:405,1
DA:407,1
DA:408,1
DA:409,1
DA:410,1
DA:411,1
DA:412,1
DA:413,1
DA:414,1
DA:416,1
DA:418,1
DA:420,1
DA:421,1
DA:422,1
DA:423,1
DA:424,1
DA:425,1
DA:426,1
DA:428,1
DA:429,1
DA:430,1
DA:431,1
DA:432,1
DA:433,1
DA:434,1
DA:435,1
DA:436,1
DA:437,1
DA:439,1
DA:441,1
DA:443,1
DA:444,1
DA:445,1
DA:446,1
DA:447,1
DA:448,1
DA:450,1
DA:451,1
DA:452,1
DA:453,1
DA:454,1
DA:455,1
DA:456,1
DA:457,1
DA:460,1
DA:463,1
DA:464,1
DA:465,1
DA:466,1
DA:467,1
DA:469,1
DA:470,1
DA:471,1
DA:472,1
DA:473,1
DA:474,1
DA:476,1
DA:478,1
DA:479,1
DA:480,1
DA:481,1
DA:482,1
DA:483,1
DA:485,1
DA:487,1
DA:488,1
DA:489,1
DA:490,1
DA:491,1
DA:492,1
DA:494,1
DA:496,1
DA:497,1
DA:498,1
DA:499,1
DA:500,1
DA:501,1
DA:503,1
DA:505,1
DA:506,1
DA:507,1
DA:508,1
DA:509,1
DA:510,1
DA:512,1
DA:514,1
DA:515,1
DA:516,1
DA:517,1
DA:518,1
DA:521,1
DA:522,1
DA:524,1
DA:527,1
DA:528,1
DA:530,1
DA:531,1
DA:533,1
DA:534,1
DA:536,1
DA:537,1
DA:539,1
DA:540,1
DA:542,1
DA:543,1
DA:545,1
DA:547,1
DA:549,1
DA:550,1
DA:551,1
DA:553,1
DA:555,1
DA:556,1
DA:557,1
DA:558,1
DA:559,1
DA:561,1
DA:562,1
DA:564,1
DA:566,1
DA:567,1
DA:568,1
DA:569,1
DA:570,1
DA:573,1
DA:574,1
DA:575,1
DA:577,1
DA:579,1
DA:580,1
DA:581,1
DA:582,1
DA:583,1
DA:584,1
DA:586,1
DA:589,1
DA:591,1
DA:592,1
DA:594,1
DA:595,1
DA:596,1
DA:597,1
DA:598,1
DA:599,1
DA:600,1
DA:601,1
DA:603,1
DA:605,1
DA:606,1
DA:608,1
DA:609,1
DA:610,1
DA:611,1
DA:612,1
DA:613,1
DA:614,1
DA:615,1
DA:617,1
DA:619,1
DA:620,1
DA:622,1
DA:623,1
DA:624,1
DA:625,1
DA:626,1
DA:627,1
DA:628,1
DA:629,1
DA:631,1
DA:633,1
DA:634,1
DA:636,1
DA:637,1
DA:638,1
DA:639,1
DA:640,1
DA:641,1
DA:642,1
DA:643,1
DA:645,1
DA:647,1
DA:648,1
DA:650,1
DA:651,1
DA:652,1
DA:653,1
DA:654,1
DA:655,1
DA:656,1
DA:658,1
DA:659,1
DA:660,1
DA:661,1
DA:662,1
DA:663,1
DA:664,1
DA:666,1
DA:667,1
DA:668,1
DA:669,1
DA:670,1
DA:671,1
DA:672,1
DA:673,1
DA:675,1
DA:676,1
DA:677,1
DA:678,1
DA:679,1
DA:680,1
DA:681,1
DA:682,1
DA:684,1
DA:685,1
DA:686,1
DA:687,1
DA:688,1
DA:689,1
DA:690,1
DA:691,1
DA:692,1
DA:693,1
DA:696,1
DA:698,1
DA:699,1
DA:700,1
DA:701,1
DA:702,1
DA:703,1
DA:704,1
DA:705,1
DA:706,1
DA:707,1
DA:708,1
DA:709,1
DA:711,1
DA:713,1
DA:714,1
DA:715,1
DA:716,1
DA:717,1
DA:718,1
DA:719,1
DA:720,1
DA:721,1
DA:722,1
DA:723,1
DA:724,1
DA:745,1
DA:747,1
DA:748,1
DA:749,1
DA:750,1
DA:751,1
DA:752,1
DA:753,1
DA:754,1
DA:755,1
DA:756,1
DA:757,1
DA:758,1
DA:760,1
DA:762,1
DA:763,1
DA:764,1
DA:765,1
DA:766,1
DA:767,1
DA:768,1
DA:769,1
DA:770,1
DA:771,1
DA:772,1
DA:773,1
DA:775,1
DA:777,1
DA:778,1
DA:779,1
DA:780,1
DA:781,1
DA:782,1
DA:783,1
DA:784,1
DA:785,1
DA:786,1
DA:788,1
DA:789,1
DA:790,1
DA:791,1
DA:792,1
DA:793,1
DA:795,1
DA:797,1
DA:798,1
DA:799,1
DA:800,1
DA:801,1
DA:802,1
DA:803,1
DA:804,1
DA:805,1
DA:806,1
DA:807,1
DA:808,1
DA:810,1
DA:812,1
DA:813,1
DA:814,1
DA:815,1
DA:816,1
DA:817,1
DA:818,1
DA:819,1
DA:820,1
DA:821,1
DA:822,1
DA:823,1
DA:825,1
DA:827,1
DA:828,1
DA:829,1
DA:830,1
DA:831,1
DA:832,1
DA:833,1
DA:834,1
DA:835,1
DA:836,1
DA:837,1
DA:838,1
DA:840,1
DA:842,1
DA:843,1
DA:844,1
DA:845,1
DA:846,1
DA:847,1
DA:848,1
DA:849,1
DA:850,1
DA:851,1
DA:852,1
DA:853,1
DA:855,1
DA:857,1
DA:858,1
DA:859,1
DA:860,1
DA:861,1
DA:862,1
DA:863,1
DA:864,1
DA:865,1
DA:866,1
DA:867,1
DA:868,1
DA:870,1
DA:872,1
DA:873,1
DA:874,1
DA:875,1
DA:876,1
DA:877,1
DA:878,1
DA:879,1
DA:881,1
DA:883,1
DA:884,1
DA:885,1
DA:886,1
DA:887,1
DA:888,1
DA:890,1
DA:892,1
DA:893,1
DA:894,1
DA:895,1
DA:896,1
DA:897,1
DA:898,1
DA:899,1
DA:900,1
DA:901,1
DA:902,1
DA:903,1
DA:905,1
DA:907,1
DA:908,1
DA:909,1
DA:910,1
DA:911,1
DA:912,1
DA:913,1
DA:914,1
DA:915,1
DA:916,1
DA:917,1
DA:918,1
DA:920,1
DA:922,1
DA:923,1
DA:924,1
DA:925,1
DA:926,1
DA:927,1
DA:928,1
DA:929,1
DA:930,1
DA:931,1
DA:932,1
DA:933,1
DA:935,1
DA:937,1
DA:938,1
DA:939,1
DA:940,1
DA:941,1
DA:942,1
DA:943,1
DA:944,1
DA:945,1
DA:946,1
DA:947,1
DA:963,1
DA:965,1
DA:967,1
DA:969,1
DA:970,1
DA:971,1
DA:972,1
DA:973,1
DA:974,1
DA:975,1
DA:976,1
DA:978,1
DA:979,1
DA:980,1
DA:981,1
DA:982,1
DA:983,1
DA:984,1
DA:985,1
DA:986,1
DA:987,1
DA:988,1
DA:990,1
DA:992,1
DA:994,1
DA:995,1
DA:996,1
DA:997,1
DA:998,1
DA:999,1
DA:1000,1
DA:1001,1
DA:1003,1
DA:1004,1
DA:1005,1
DA:1006,1
DA:1007,1
DA:1008,1
DA:1009,1
DA:1010,1
DA:1011,1
DA:1012,1
DA:1013,1
DA:1015,1
DA:1017,1
DA:1019,1
DA:1020,1
DA:1021,1
DA:1022,1
DA:1023,1
DA:1024,1
DA:1025,1
DA:1026,1
DA:1028,1
DA:1029,1
DA:1030,1
DA:1031,1
DA:1032,1
DA:1033,1
DA:1034,1
DA:1035,1
DA:1036,1
DA:1037,1
DA:1038,1
DA:1040,1
DA:1042,1
DA:1044,1
DA:1045,1
DA:1046,1
DA:1047,1
DA:1048,1
DA:1049,1
DA:1050,1
DA:1051,1
DA:1053,1
DA:1054,1
DA:1055,1
DA:1056,1
DA:1057,1
DA:1058,1
DA:1059,1
DA:1060,1
DA:1061,1
DA:1062,1
DA:1063,1
DA:1065,1
DA:1067,1
DA:1069,1
DA:1070,1
DA:1071,1
DA:1072,1
DA:1073,1
DA:1074,1
DA:1075,1
DA:1076,1
DA:1078,1
DA:1079,1
DA:1080,1
DA:1081,1
DA:1082,1
DA:1083,1
DA:1084,1
DA:1085,1
DA:1086,1
DA:1087,1
DA:1088,1
DA:1091,1
DA:1093,1
DA:1094,1
DA:1095,1
DA:1096,1
DA:1097,1
DA:1098,1
DA:1099,1
DA:1100,1
DA:1101,1
DA:1102,1
DA:1103,1
DA:1104,1
DA:1106,1
DA:1108,1
DA:1109,1
DA:1110,1
DA:1111,1
DA:1112,1
DA:1113,1
DA:1114,1
DA:1115,1
DA:1116,1
DA:1117,1
DA:1118,1
DA:1119,1
DA:1121,1
DA:1123,1
DA:1124,1
DA:1125,1
DA:1126,1
DA:1127,1
DA:1128,1
DA:1129,1
DA:1130,1
DA:1131,1
DA:1132,1
DA:1133,1
DA:1134,1
DA:1136,1
DA:1138,1
DA:1139,1
DA:1140,1
DA:1141,1
DA:1142,1
DA:1143,1
DA:1144,1
DA:1145,1
DA:1146,1
DA:1147,1
DA:1148,1
DA:1149,1
DA:1151,1
DA:1153,1
DA:1154,1
DA:1155,1
DA:1156,1
DA:1157,1
DA:1158,1
DA:1159,1
DA:1160,1
DA:1161,1
DA:1162,1
DA:1163,1
DA:1164,1
DA:1166,1
DA:1168,1
DA:1169,1
DA:1170,1
DA:1171,1
DA:1172,1
DA:1173,1
DA:1174,1
DA:1175,1
DA:1176,1
DA:1177,1
DA:1178,1
DA:1179,1
DA:1181,1
DA:1183,1
DA:1184,1
DA:1185,1
DA:1186,1
DA:1187,1
DA:1188,1
DA:1189,1
DA:1190,1
DA:1191,1
DA:1192,1
DA:1194,1
DA:1195,1
DA:1196,1
DA:1197,1
DA:1198,1
DA:1200,1
DA:1201,1
DA:1202,1
DA:1203,1
DA:1204,1
DA:1205,1
DA:1206,1
DA:1208,1
DA:1210,1
DA:1211,1
DA:1212,1
DA:1213,1
DA:1214,1
DA:1231,1
DA:1233,1
DA:1236,1
DA:1237,1
DA:1238,1
DA:1239,1
DA:1240,1
DA:1241,1
DA:1242,1
DA:1243,1
DA:1244,1
DA:1245,1
DA:1247,1
DA:1248,1
DA:1249,1
DA:1250,1
DA:1251,1
DA:1252,1
DA:1253,1
DA:1254,1
DA:1255,1
DA:1256,1
DA:1257,1
DA:1259,1
DA:1261,1
DA:1263,1
DA:1264,1
DA:1265,1
DA:1266,1
DA:1267,1
DA:1268,1
DA:1269,1
DA:1270,1
DA:1272,1
DA:1273,1
DA:1274,1
DA:1275,1
DA:1276,1
DA:1277,1
DA:1278,1
DA:1279,1
DA:1280,1
DA:1281,1
DA:1282,1
DA:1284,1
DA:1286,1
DA:1288,1
DA:1289,1
DA:1290,1
DA:1291,1
DA:1292,1
DA:1293,1
DA:1294,1
DA:1295,1
DA:1297,1
DA:1298,1
DA:1299,1
DA:1300,1
DA:1301,1
DA:1302,1
DA:1303,1
DA:1304,1
DA:1305,1
DA:1306,1
DA:1307,1
DA:1309,1
DA:1311,1
DA:1313,1
DA:1314,1
DA:1315,1
DA:1316,1
DA:1317,1
DA:1318,1
DA:1319,1
DA:1320,1
DA:1322,1
DA:1323,1
DA:1324,1
DA:1325,1
DA:1326,1
DA:1327,1
DA:1328,1
DA:1329,1
DA:1330,1
DA:1331,1
DA:1332,1
DA:1334,1
DA:1336,1
DA:1338,1
DA:1339,1
DA:1340,1
DA:1341,1
DA:1342,1
DA:1343,1
DA:1344,1
DA:1345,1
DA:1347,1
DA:1348,1
DA:1349,1
DA:1350,1
DA:1351,1
DA:1352,1
DA:1353,1
DA:1354,1
DA:1355,1
DA:1356,1
DA:1357,1
DA:1359,1
DA:1361,1
DA:1363,1
DA:1364,1
DA:1365,1
DA:1366,1
DA:1367,1
DA:1368,1
DA:1369,1
DA:1370,1
DA:1372,1
DA:1373,1
DA:1374,1
DA:1375,1
DA:1376,1
DA:1377,1
DA:1378,1
DA:1379,1
DA:1380,1
DA:1381,1
DA:1382,1
DA:1384,1
DA:1386,1
DA:1388,1
DA:1389,1
DA:1390,1
DA:1391,1
DA:1392,1
DA:1393,1
DA:1394,1
DA:1395,1
DA:1397,1
DA:1398,1
DA:1399,1
DA:1400,1
DA:1401,1
DA:1402,1
DA:1403,1
DA:1404,1
DA:1405,1
DA:1406,1
DA:1407,1
DA:1409,1
DA:1411,1
DA:1413,1
DA:1414,1
DA:1415,1
DA:1416,1
DA:1417,1
DA:1418,1
DA:1419,1
DA:1420,1
DA:1422,1
DA:1423,1
DA:1424,1
DA:1425,1
DA:1426,1
DA:1427,1
DA:1428,1
DA:1429,1
DA:1430,1
DA:1431,1
DA:1432,1
DA:1434,1
DA:1436,1
DA:1438,1
DA:1439,1
DA:1440,1
DA:1441,1
DA:1442,1
DA:1443,1
DA:1444,1
DA:1445,1
DA:1447,1
DA:1448,1
DA:1449,1
DA:1450,1
DA:1451,1
DA:1453,1
DA:1454,1
DA:1455,1
DA:1456,1
DA:1457,1
DA:1458,1
DA:1461,1
DA:1463,1
DA:1464,1
DA:1465,1
DA:1466,1
DA:1467,1
DA:1468,1
DA:1469,1
DA:1470,1
DA:1471,1
DA:1472,1
DA:1473,1
DA:1474,1
DA:1476,1
DA:1478,1
DA:1479,1
DA:1480,1
DA:1481,1
DA:1482,1
DA:1483,1
DA:1484,1
DA:1485,1
DA:1486,1
DA:1487,1
DA:1488,1
DA:1489,1
DA:1490,1
DA:1491,1
DA:1493,1
DA:1494,1
DA:1495,1
DA:1496,1
DA:1497,1
DA:1498,1
DA:1499,1
DA:1500,1
DA:1501,1
DA:1502,1
DA:1503,1
DA:1504,1
DA:1506,1
DA:1508,1
DA:1509,1
DA:1510,1
DA:1511,1
DA:1512,1
DA:1513,1
DA:1514,1
DA:1515,1
DA:1516,1
DA:1517,1
DA:1518,1
DA:1519,1
DA:1521,1
DA:1523,1
DA:1524,1
DA:1525,1
DA:1526,1
DA:1527,1
DA:1528,1
DA:1529,1
DA:1530,1
DA:1531,1
DA:1536,1
DA:1537,1
DA:1538,1
DA:1541,1
DA:1543,1
DA:1544,1
DA:1545,1
DA:1546,1
DA:1547,1
DA:1548,1
DA:1549,1
DA:1550,1
DA:1551,1
DA:1552,1
DA:1553,1
DA:1554,1
DA:1557,1
DA:1559,1
DA:1560,1
DA:1561,1
DA:1562,1
DA:1563,1
DA:1564,1
DA:1565,1
DA:1566,1
DA:1567,1
DA:1568,1
DA:1569,1
DA:1570,1
DA:1572,1
DA:1575,1
DA:1576,1
DA:1577,1
DA:1578,1
DA:1579,1
DA:1580,1
DA:1581,1
DA:1585,1
DA:1586,1
DA:1587,1
DA:1593,1
DA:1595,1
DA:1597,1
DA:1598,1
DA:1599,1
DA:1600,1
DA:1601,1
DA:1602,1
DA:1603,1
DA:1604,1
DA:1605,1
DA:1606,1
DA:1608,1
DA:1609,1
DA:1610,1
DA:1611,1
DA:1612,1
DA:1614,1
DA:1616,1
DA:1617,1
DA:1618,1
DA:1619,1
DA:1620,1
DA:1621,1
DA:1622,1
DA:1623,1
DA:1624,1
DA:1625,1
DA:1627,1
DA:1628,1
DA:1629,1
DA:1630,1
DA:1631,1
DA:1633,1
DA:1636,1
DA:1637,1
DA:1638,1
DA:1639,1
DA:1640,1
DA:1641,1
DA:1642,1
DA:1646,1
DA:1647,1
DA:1648,1
DA:1650,1
DA:1652,1
DA:1654,1
DA:1655,1
DA:1656,1
DA:1657,1
DA:1658,1
DA:1659,1
DA:1660,1
DA:1661,1
DA:1662,1
DA:1663,1
DA:1664,1
DA:1666,1
DA:1667,1
DA:1668,1
DA:1669,1
DA:1670,1
DA:1672,1
DA:1674,1
DA:1675,1
DA:1676,1
DA:1677,1
DA:1678,1
DA:1679,1
DA:1680,1
DA:1681,1
DA:1682,1
DA:1683,1
DA:1684,1
DA:1686,1
DA:1687,1
DA:1688,1
DA:1689,1
DA:1690,1
DA:1692,1
DA:1694,1
DA:1695,1
DA:1696,1
DA:1697,1
DA:1698,1
DA:1699,1
DA:1700,1
DA:1701,1
DA:1702,1
DA:1703,1
DA:1705,1
DA:1706,1
DA:1707,1
DA:1708,1
DA:1709,1
DA:1711,1
DA:1713,1
DA:1714,1
DA:1715,1
DA:1716,1
DA:1717,1
DA:1718,1
DA:1719,1
DA:1720,1
DA:1721,1
DA:1722,1
DA:1724,1
DA:1725,1
DA:1726,1
DA:1727,1
DA:1728,1
DA:1730,1
DA:1732,1
DA:1733,1
DA:1734,1
DA:1735,1
DA:1736,1
DA:1737,1
DA:1738,1
DA:1739,1
DA:1740,1
DA:1741,1
DA:1742,1
DA:1744,1
DA:1745,1
DA:1746,1
DA:1747,1
DA:1748,1
DA:1750,1
DA:1753,1
DA:1754,1
DA:1755,1
DA:1756,1
DA:1757,1
DA:1758,1
DA:1759,1
DA:1763,1
DA:1764,1
DA:1765,1
DA:1767,1
DA:1769,1
DA:1772,1
DA:1773,1
DA:1774,1
DA:1775,1
DA:1776,1
DA:1777,1
DA:1778,1
DA:1782,1
DA:1783,1
DA:1784,1
DA:1786,1
DA:1788,1
DA:1791,1
DA:1792,1
DA:1793,1
DA:1794,1
DA:1795,1
DA:1796,1
DA:1797,1
DA:1801,1
DA:1802,1
DA:1803,1
DA:1805,1
DA:1807,1
DA:1809,1
DA:1810,1
DA:1811,1
DA:1812,1
DA:1813,1
DA:1814,1
DA:1815,1
DA:1816,1
DA:1817,1
DA:1821,1
DA:1822,1
DA:1823,1
DA:1824,1
DA:1825,1
DA:1828,1
DA:1830,1
DA:1831,1
DA:1832,1
DA:1833,1
DA:1834,1
DA:1835,1
DA:1836,1
DA:1837,1
DA:1838,1
DA:1839,1
DA:1841,1
DA:1842,1
DA:1843,1
DA:1844,1
DA:1845,1
DA:1846,1
DA:1855,1
DA:1857,1
DA:1859,1
DA:1860,1
DA:1861,1
DA:1862,1
DA:1863,1
DA:1864,1
DA:1865,1
DA:1866,1
DA:1867,1
DA:1868,1
DA:1869,1
DA:1871,1
DA:1873,1
DA:1874,1
DA:1875,1
DA:1876,1
DA:1877,1
DA:1878,1
DA:1879,1
DA:1881,1
DA:1882,1
DA:1883,1
DA:1884,1
DA:1886,1
DA:1888,1
DA:1889,1
DA:1890,1
DA:1891,1
DA:1892,1
DA:1893,1
DA:1894,1
DA:1895,1
DA:1896,1
DA:1897,1
DA:1898,1
DA:1900,1
DA:1902,1
DA:1903,1
DA:1904,1
DA:1905,1
DA:1906,1
DA:1907,1
DA:1908,1
DA:1909,1
DA:1910,1
DA:1911,1
DA:1912,1
DA:1914,1
DA:1916,1
DA:1917,1
DA:1918,1
DA:1919,1
DA:1920,1
DA:1921,1
DA:1922,1
DA:1923,1
DA:1924,1
DA:1925,1
DA:1926,1
DA:1928,1
DA:1930,1
DA:1931,1
DA:1932,1
DA:1933,1
DA:1934,1
DA:1935,1
DA:1936,1
DA:1937,1
DA:1938,1
DA:1939,1
DA:1940,1
DA:1942,1
DA:1944,1
DA:1945,1
DA:1946,1
DA:1947,1
DA:1948,1
DA:1949,1
DA:1950,1
DA:1951,1
DA:1952,1
DA:1953,1
DA:1954,1
DA:1955,1
DA:1957,1
DA:1959,1
DA:1960,1
DA:1961,1
DA:1962,1
DA:1963,1
DA:1964,1
DA:1965,1
DA:1966,1
DA:1967,1
DA:1968,1
DA:1970,1
DA:1971,1
DA:1972,1
DA:1973,1
DA:1974,1
DA:1975,1
DA:1976,1
DA:1977,1
DA:1979,1
DA:1981,1
DA:1982,1
DA:1983,1
DA:1984,1
DA:1986,1
DA:1988,1
DA:1990,1
DA:1991,1
DA:1992,1
DA:1993,1
DA:1997,1
DA:1998,1
DA:1999,1
DA:2000,1
DA:2001,1
DA:2002,1
DA:2003,1
DA:2004,1
DA:2005,1
DA:2007,1
DA:2009,1
DA:2010,1
DA:2011,1
DA:2012,1
DA:2013,1
DA:2014,1
DA:2015,1
DA:2016,1
DA:2018,1
DA:2019,1
DA:2021,1
DA:2022,1
DA:2023,1
DA:2024,1
DA:2025,1
DA:2026,1
DA:2027,1
DA:2028,1
DA:2029,1
DA:2030,1
DA:2032,1
DA:2033,1
DA:2034,1
DA:2035,1
DA:2036,1
DA:2037,1
DA:2038,1
DA:2039,1
DA:2040,1
DA:2041,1
DA:2043,1
DA:2044,1
DA:2045,1
DA:2046,1
DA:2047,1
DA:2048,1
DA:2049,1
DA:2050,1
DA:2051,1
DA:2052,1
DA:2054,1
DA:2055,1
DA:2056,1
DA:2057,1
DA:2058,1
DA:2059,1
DA:2060,1
DA:2061,1
DA:2062,1
DA:2063,1
DA:2065,1
DA:2066,1
DA:2067,1
DA:2068,1
DA:2069,1
DA:2070,1
DA:2071,1
DA:2072,1
DA:2073,1
DA:2075,1
DA:2076,1
DA:2079,1
DA:2081,1
DA:2082,1
DA:2083,1
DA:2084,1
DA:2085,1
DA:2086,1
DA:2087,1
DA:2088,1
DA:2089,1
DA:2090,1
DA:2091,1
DA:2093,1
DA:2096,1
DA:2097,1
DA:2098,1
DA:2099,1
DA:2100,1
DA:2101,1
DA:2102,1
DA:2103,1
DA:2104,1
DA:2105,1
DA:2106,1
DA:2108,1
DA:2111,1
DA:2112,1
DA:2113,1
DA:2114,1
DA:2115,1
DA:2116,1
DA:2117,1
DA:2118,1
DA:2119,1
DA:2120,1
DA:2121,1
DA:2123,1
DA:2126,1
DA:2127,1
DA:2128,1
DA:2129,1
DA:2130,1
DA:2131,1
DA:2132,1
DA:2133,1
DA:2134,1
DA:2135,1
DA:2136,1
DA:2138,1
DA:2141,1
DA:2142,1
DA:2143,1
DA:2144,1
DA:2145,1
DA:2146,1
DA:2147,1
DA:2148,1
DA:2149,1
DA:2150,1
DA:2151,1
DA:2153,1
DA:2156,1
DA:2157,1
DA:2158,1
DA:2159,1
DA:2160,1
DA:2161,1
DA:2162,1
DA:2163,1
DA:2164,1
DA:2165,1
DA:2166,1
DA:2168,1
DA:2171,1
DA:2172,1
DA:2173,1
DA:2174,1
DA:2175,1
DA:2176,1
DA:2177,1
DA:2178,1
DA:2179,1
DA:2180,1
DA:2181,1
DA:2183,1
DA:2186,1
DA:2187,1
DA:2188,1
DA:2189,1
DA:2190,1
DA:2191,1
DA:2192,1
DA:2193,1
DA:2194,1
DA:2195,1
DA:2196,1
DA:2198,1
DA:2201,1
DA:2202,1
DA:2203,1
DA:2204,1
DA:2205,1
DA:2206,1
DA:2207,1
DA:2208,1
DA:2209,1
DA:2210,1
DA:2211,1
DA:2213,1
DA:2218,1
DA:2219,1
DA:2222,1
DA:2225,1
DA:2227,1
DA:2228,1
DA:2230,1
DA:2233,1
DA:2234,1
DA:2237,1
DA:2238,1
DA:2240,1
DA:2241,1
DA:2242,1
DA:2243,1
DA:2263,1
DA:2266,1
DA:2267,1
DA:2268,1
DA:2269,1
DA:2270,1
DA:2271,1
DA:2272,1
DA:2275,1
DA:2276,1
DA:2277,1
DA:2279,1
DA:2281,1
DA:2283,1
DA:2284,1
DA:2285,1
DA:2286,1
DA:2287,1
DA:2288,1
DA:2289,1
DA:2290,1
DA:2292,1
DA:2293,1
DA:2294,1
DA:2295,1
DA:2296,1
DA:2297,1
DA:2298,1
DA:2299,1
DA:2300,1
DA:2302,1
DA:2306,1
DA:2307,1
DA:2308,1
DA:2309,1
DA:2310,1
DA:2311,1
DA:2312,1
DA:2313,1
DA:2316,1
DA:2317,1
DA:2318,1
DA:2319,1
DA:2320,1
DA:2322,1
DA:2323,1
DA:2324,1
DA:2325,1
DA:2326,1
DA:2328,1
DA:2332,1
DA:2333,1
DA:2334,1
DA:2335,1
DA:2336,1
DA:2337,1
DA:2338,1
DA:2339,1
DA:2342,1
DA:2343,1
DA:2344,1
DA:2345,1
DA:2346,1
DA:2353,1
DA:2354,1
DA:2355,1
DA:2356,1
DA:2357,1
DA:2359,1
DA:2362,1
DA:2363,1
DA:2364,1
DA:2365,1
DA:2366,1
DA:2367,1
DA:2368,1
DA:2369,1
DA:2370,1
DA:2371,1
DA:2372,1
DA:2374,1
DA:2375,1
DA:2376,1
DA:2377,1
DA:2393,1
DA:2396,1
DA:2397,1
DA:2398,1
DA:2399,1
DA:2400,1
DA:2402,1
DA:2403,1
DA:2406,1
DA:2407,1
DA:2408,1
DA:2410,1
DA:2411,1
DA:2412,1
DA:2413,1
DA:2416,1
DA:2419,1
DA:2420,1
DA:2421,1
DA:2422,1
DA:2423,1
DA:2424,1
DA:2425,1
DA:2426,1
DA:2427,1
DA:2428,1
DA:2429,1
DA:2430,1
DA:2431,1
DA:2432,1
DA:2434,1
DA:2437,1
DA:2438,1
DA:2439,1
DA:2440,1
DA:2441,1
DA:2442,1
DA:2443,1
DA:2444,1
DA:2445,1
DA:2446,1
DA:2447,1
DA:2448,1
DA:2449,1
DA:2450,1
DA:2452,1
DA:2455,1
DA:2456,1
DA:2457,1
DA:2458,1
DA:2459,1
DA:2460,1
DA:2461,1
DA:2462,1
DA:2463,1
DA:2464,1
DA:2465,1
DA:2466,1
DA:2467,1
DA:2468,1
DA:2470,1
DA:2473,1
DA:2474,1
DA:2475,1
DA:2476,1
DA:2477,1
DA:2478,1
DA:2479,1
DA:2480,1
DA:2481,1
DA:2482,1
DA:2483,1
DA:2484,1
DA:2485,1
DA:2486,1
DA:2488,1
DA:2491,1
DA:2492,1
DA:2493,1
DA:2494,1
DA:2495,1
DA:2496,1
DA:2497,1
DA:2498,1
DA:2499,1
DA:2500,1
DA:2501,1
DA:2502,1
DA:2503,1
DA:2504,1
DA:2506,1
DA:2509,1
DA:2510,1
DA:2511,1
DA:2512,1
DA:2513,1
DA:2514,1
DA:2515,1
DA:2516,1
DA:2517,1
DA:2518,1
DA:2519,1
DA:2520,1
DA:2521,1
DA:2522,1
DA:2524,1
DA:2527,1
DA:2528,1
DA:2529,1
DA:2530,1
DA:2531,1
DA:2532,1
DA:2533,1
DA:2534,1
DA:2535,1
DA:2536,1
DA:2537,1
DA:2538,1
DA:2539,1
DA:2540,1
DA:2542,1
DA:2545,1
DA:2546,1
DA:2547,1
DA:2548,1
DA:2549,1
DA:2550,1
DA:2551,1
DA:2552,1
DA:2553,1
DA:2554,1
DA:2555,1
DA:2557,1
DA:2559,1
DA:2560,1
DA:2561,1
DA:2562,1
DA:2564,1
DA:2567,1
DA:2568,1
DA:2569,1
DA:2570,1
DA:2571,1
DA:2573,1
DA:2576,1
DA:2577,1
DA:2578,1
DA:2579,1
DA:2580,1
DA:2591,1
DA:2594,1
DA:2595,1
DA:2596,1
DA:2597,1
DA:2598,1
DA:2599,1
DA:2600,1
DA:2602,1
DA:2605,1
DA:2606,1
DA:2607,1
DA:2608,1
DA:2609,1
DA:2610,1
DA:2611,1
DA:2612,1
DA:2615,1
DA:2618,1
DA:2619,1
DA:2620,1
DA:2621,1
DA:2622,1
DA:2623,1
DA:2624,1
DA:2625,1
DA:2626,1
DA:2627,1
DA:2628,1
DA:2629,1
DA:2630,1
DA:2631,1
DA:2633,1
DA:2636,1
DA:2637,1
DA:2638,1
DA:2639,1
DA:2640,1
DA:2641,1
DA:2642,1
DA:2643,1
DA:2644,1
DA:2645,1
DA:2646,1
DA:2647,1
DA:2648,1
DA:2649,1
DA:2651,1
DA:2654,1
DA:2655,1
DA:2656,1
DA:2657,1
DA:2658,1
DA:2659,1
DA:2660,1
DA:2661,1
DA:2662,1
DA:2663,1
DA:2664,1
DA:2665,1
DA:2666,1
DA:2667,1
DA:2669,1
DA:2672,1
DA:2673,1
DA:2674,1
DA:2675,1
DA:2676,1
DA:2677,1
DA:2678,1
DA:2679,1
DA:2680,1
DA:2681,1
DA:2682,1
DA:2683,1
DA:2684,1
DA:2685,1
DA:2687,1
DA:2690,1
DA:2691,1
DA:2692,1
DA:2693,1
DA:2694,1
DA:2695,1
DA:2696,1
DA:2697,1
DA:2698,1
DA:2699,1
DA:2700,1
DA:2701,1
DA:2702,1
DA:2703,1
DA:2705,1
DA:2708,1
DA:2709,1
DA:2710,1
DA:2711,1
DA:2712,1
DA:2713,1
DA:2714,1
DA:2715,1
DA:2716,1
DA:2717,1
DA:2718,1
DA:2719,1
DA:2720,1
DA:2721,1
DA:2723,1
DA:2726,1
DA:2727,1
DA:2728,1
DA:2729,1
DA:2730,1
DA:2731,1
DA:2732,1
DA:2733,1
DA:2734,1
DA:2735,1
DA:2736,1
DA:2737,1
DA:2738,1
DA:2739,1
DA:2741,1
DA:2743,1
DA:2746,1
DA:2747,1
DA:2748,1
DA:2749,1
DA:2751,1
DA:2752,1
DA:2753,1
DA:2760,1
DA:2761,1
DA:2762,1
DA:2763,1
DA:2765,1
DA:2766,1
DA:2767,1
DA:2768,1
DA:2770,1
DA:2771,1
DA:2772,1
DA:2773,1
DA:2775,1
DA:2776,1
DA:2777,1
DA:2778,1
DA:2780,1
DA:2781,1
DA:2782,1
DA:2783,1
DA:2785,1
DA:2786,1
DA:2787,1
DA:2788,1
DA:2790,1
DA:2791,1
DA:2792,1
DA:2793,1
DA:2794,1
DA:2795,1
DA:2796,1
DA:2797,1
DA:2798,1
DA:2801,1
DA:2804,1
DA:2805,1
DA:2806,1
DA:2807,1
DA:2808,1
DA:2809,1
DA:2810,1
DA:2811,1
DA:2812,1
DA:2813,1
DA:2814,1
DA:2815,1
DA:2816,1
DA:2817,1
DA:2819,1
DA:2822,1
DA:2823,1
DA:2824,1
DA:2825,1
DA:2826,1
DA:2827,1
DA:2828,1
DA:2829,1
DA:2830,1
DA:2831,1
DA:2832,1
DA:2833,1
DA:2834,1
DA:2835,1
DA:2837,1
DA:2840,1
DA:2841,1
DA:2842,1
DA:2843,1
DA:2844,1
DA:2845,1
DA:2846,1
DA:2847,1
DA:2848,1
DA:2849,1
DA:2850,1
DA:2851,1
DA:2852,1
DA:2853,1
DA:2855,1
DA:2858,1
DA:2859,1
DA:2860,1
DA:2861,1
DA:2862,1
DA:2863,1
DA:2864,1
DA:2865,1
DA:2866,1
DA:2867,1
DA:2868,1
DA:2869,1
DA:2870,1
DA:2871,1
DA:2873,1
DA:2876,1
DA:2877,1
DA:2878,1
DA:2879,1
DA:2880,1
DA:2881,1
DA:2882,1
DA:2883,1
DA:2884,1
DA:2885,1
DA:2886,1
DA:2887,1
DA:2888,1
DA:2889,1
DA:2891,1
DA:2894,1
DA:2895,1
DA:2896,1
DA:2897,1
DA:2898,1
DA:2899,1
DA:2900,1
DA:2901,1
DA:2902,1
DA:2903,1
DA:2904,1
DA:2905,1
DA:2906,1
DA:2907,1
DA:2909,1
DA:2912,1
DA:2913,1
DA:2914,1
DA:2915,1
DA:2916,1
DA:2917,1
DA:2918,1
DA:2919,1
DA:2920,1
DA:2921,1
DA:2922,1
DA:2923,1
DA:2924,1
DA:2925,1
DA:2927,1
DA:2928,1
DA:2937,1
DA:2938,1
DA:2939,1
DA:2942,1
DA:2943,1
DA:2945,1
DA:2946,1
DA:2949,1
DA:2950,1
DA:2951,1
DA:2952,1
DA:2954,1
DA:2955,1
DA:2956,1
DA:2957,1
DA:2959,1
DA:2961,1
DA:2963,1
DA:2964,1
DA:2965,1
DA:2966,1
DA:2968,1
DA:2970,1
DA:2972,1
DA:2973,1
DA:2974,1
DA:2975,1
DA:2977,1
DA:2979,1
DA:2981,1
DA:2982,1
DA:2983,1
DA:2984,1
DA:2986,1
DA:2988,1
DA:2990,1
DA:2991,1
DA:2992,1
DA:2993,1
DA:2995,1
DA:2997,1
DA:2999,1
DA:3000,1
DA:3001,1
DA:3002,1
DA:3004,1
DA:3005,1
DA:3006,1
DA:3007,1
DA:3008,1
DA:3009,1
DA:3010,1
DA:3011,1
DA:3012,1
DA:3015,1
DA:3016,1
DA:3018,1
DA:3019,1
DA:3020,1
DA:3021,1
DA:3022,1
DA:3024,1
DA:3025,1
DA:3027,1
DA:3028,1
DA:3029,1
DA:3030,1
DA:3031,1
DA:3033,1
DA:3034,1
DA:3036,1
DA:3039,1
DA:3041,1
DA:3044,1
DA:3045,1
DA:3047,1
DA:3048,1
DA:3050,1
DA:3051,1
DA:3052,1
DA:3053,1
DA:3054,1
DA:3056,1
DA:3057,1
DA:3059,1
DA:3060,1
DA:3061,1
DA:3062,1
DA:3063,1
DA:3064,1
DA:3065,1
DA:3066,1
DA:3068,1
DA:3069,1
DA:3071,1
DA:3073,1
DA:3083,1
DA:3084,1
DA:3085,1
DA:3086,1
DA:3087,1
DA:3099,145
DA:3100,145
DA:3101,145
DA:3103,145
DA:3104,145
DA:3106,145
DA:3107,145
DA:3108,145
DA:3109,145
DA:3110,145
DA:3111,145
DA:3113,145
DA:3115,145
DA:3116,145
DA:3117,145
DA:3118,145
DA:3119,145
DA:3120,145
DA:3122,145
DA:3123,145
DA:3124,145
DA:3125,145
DA:3126,145
DA:3127,145
DA:3128,145
DA:3129,145
DA:3130,145
DA:3132,145
DA:3133,145
DA:3134,145
DA:3135,145
DA:3136,145
DA:3138,145
DA:3139,145
DA:3141,145
DA:3142,145
DA:3143,145
DA:3144,145
DA:3145,145
DA:3146,145
DA:3147,145
DA:3148,145
DA:3149,145
DA:3150,145
DA:3151,145
DA:3152,145
DA:3153,145
DA:3154,145
DA:3155,145
DA:3156,145
DA:3157,145
DA:3158,145
DA:3160,145
DA:3161,145
DA:3162,145
DA:3163,145
DA:3164,145
DA:3165,145
DA:3166,145
DA:3167,145
DA:3168,145
DA:3169,145
DA:3170,145
DA:3171,145
DA:3172,145
DA:3173,145
DA:3174,145
DA:3175,145
DA:3177,145
DA:3178,145
DA:3179,145
DA:3180,145
DA:3181,145
DA:3182,145
DA:3183,145
DA:3184,145
DA:3185,145
DA:3186,145
DA:3187,145
DA:3188,145
DA:3189,145
DA:3190,145
DA:3191,145
DA:3192,145
DA:3193,145
DA:3194,145
DA:3195,145
DA:3196,145
DA:3198,145
DA:3199,145
DA:3200,145
DA:3201,145
DA:3202,145
DA:3203,145
DA:3204,145
DA:3205,145
DA:3206,145
DA:3207,145
DA:3209,145
DA:3210,145
DA:3211,145
DA:3212,145
DA:3213,145
DA:3214,145
DA:3215,145
DA:3216,145
DA:3217,145
DA:3218,145
DA:3219,145
DA:3221,145
DA:3222,145
DA:3223,145
DA:3224,145
DA:3226,145
DA:3228,145
DA:3229,145
DA:3230,145
DA:3231,145
DA:3232,145
DA:3233,145
DA:3234,145
DA:3235,145
DA:3236,145
DA:3237,145
DA:3238,145
DA:3240,145
DA:3241,145
DA:3243,145
DA:3244,145
DA:3245,145
DA:3246,145
DA:3247,145
DA:3248,145
DA:3249,145
DA:3250,145
DA:3252,145
DA:3253,145
DA:3254,145
DA:3255,145
DA:3256,145
DA:3257,145
DA:3258,145
DA:3259,145
DA:3261,145
DA:3262,145
DA:3263,145
DA:3264,145
DA:3265,145
DA:3266,145
DA:3269,145
DA:3270,1
DA:3272,1
end_of_record
